<?xml version="1.0" encoding="UTF-8"?>
<!-- Generated by org.testng.reporters.JUnitReportReporter -->
<testsuite skipped="0" hostname="INSPIRON" name="TestCases.TestRunner" tests="1" failures="0" timestamp="03 Jun 2019 12:31:12 GMT" time="21.304" errors="0">
  <testcase name="testCase1" time="21.304" classname="TestCases.TestRunner"/>
</testsuite> <!-- TestCases.TestRunner -->
